26.04.2014_23:15 21.875
26.04.2014_23:20 21.75
26.04.2014_23:25 21.75
26.04.2014_23:30 21.812
26.04.2014_23:35 21.812
26.04.2014_23:40 21.562
26.04.2014_23:45 21.562
26.04.2014_23:50 21.375
26.04.2014_23:55 21.562
27.04.2014_00:00 21.625
27.04.2014_00:05 21.625
27.04.2014_00:10 21.437
27.04.2014_00:15 21.312
27.04.2014_00:20 21.312
27.04.2014_00:25 21.687
27.04.2014_00:30 21.625
27.04.2014_00:35 21.75
27.04.2014_00:39 21.625
27.04.2014_00:45 19.5
27.04.2014_00:50 18.312
27.04.2014_00:55 17.375
27.04.2014_01:00 19.062
27.04.2014_01:05 19.062
27.04.2014_01:10 20.25
27.04.2014_01:15 18.062
27.04.2014_01:20 20.937
27.04.2014_01:25 20.75
27.04.2014_01:30 18.187
27.04.2014_01:35 19.75
27.04.2014_01:40 20.187
27.04.2014_01:45 20.0
27.04.2014_01:50 18.125
27.04.2014_01:55 17.812
27.04.2014_02:00 17.625
27.04.2014_02:05 19.25
27.04.2014_02:10 17.812
27.04.2014_02:15 17.625
27.04.2014_02:20 18.25
27.04.2014_02:25 17.5
27.04.2014_02:30 17.437
27.04.2014_02:35 19.437
27.04.2014_02:40 19.437
27.04.2014_02:45 17.375
27.04.2014_02:50 18.937
27.04.2014_02:55 17.937
27.04.2014_03:00 18.687
27.04.2014_03:05 18.875
27.04.2014_03:10 19.687
27.04.2014_03:15 18.75
27.04.2014_03:20 18.75
27.04.2014_03:25 18.875
27.04.2014_03:30 19.312
27.04.2014_03:35 18.562
27.04.2014_03:40 19.187
27.04.2014_03:45 18.25
27.04.2014_03:50 16.75
27.04.2014_03:55 19.312
27.04.2014_04:00 19.437
27.04.2014_04:05 17.562
27.04.2014_04:10 18.625
27.04.2014_04:15 17.875
27.04.2014_04:20 17.812
27.04.2014_04:25 16.937
27.04.2014_04:30 18.187
27.04.2014_04:35 19.375
27.04.2014_04:40 19.75
27.04.2014_04:45 18.625
27.04.2014_04:50 16.875
27.04.2014_04:55 18.937
27.04.2014_05:00 19.0
27.04.2014_05:05 19.937
27.04.2014_05:10 19.75
27.04.2014_05:15 19.937
27.04.2014_05:20 19.375
27.04.2014_05:25 17.375
27.04.2014_05:30 16.875
27.04.2014_05:35 18.187
27.04.2014_05:40 18.062
27.04.2014_05:45 16.437
27.04.2014_05:50 17.437
27.04.2014_05:55 17.687
27.04.2014_06:00 18.125
27.04.2014_06:05 18.625
27.04.2014_06:10 17.75
27.04.2014_06:15 16.937
27.04.2014_06:20 17.937
27.04.2014_06:25 18.687
27.04.2014_06:30 16.25
27.04.2014_06:35 17.375
27.04.2014_06:40 16.375
27.04.2014_06:45 18.437
27.04.2014_06:50 18.437
27.04.2014_06:55 17.625
27.04.2014_07:00 17.625
27.04.2014_07:05 17.625
27.04.2014_07:10 16.0
27.04.2014_07:15 14.937
27.04.2014_07:20 16.75
27.04.2014_07:25 15.375
27.04.2014_07:30 17.687
27.04.2014_07:35 18.562
27.04.2014_07:40 16.312
27.04.2014_07:45 16.125
27.04.2014_07:50 16.625
27.04.2014_07:55 17.812
27.04.2014_08:00 17.875
27.04.2014_08:05 17.062
27.04.2014_08:10 17.437
27.04.2014_08:15 18.0
27.04.2014_08:20 19.0
27.04.2014_08:25 18.875
27.04.2014_08:30 18.187
27.04.2014_08:35 19.125
27.04.2014_08:40 16.75
27.04.2014_08:45 17.5
27.04.2014_08:50 16.062
27.04.2014_08:55 18.5
27.04.2014_09:00 17.875
27.04.2014_09:05 18.875
27.04.2014_09:10 17.062
27.04.2014_09:15 18.875
27.04.2014_09:20 16.687
27.04.2014_09:25 16.687
27.04.2014_09:30 17.25
27.04.2014_09:35 17.562
27.04.2014_09:40 18.875
27.04.2014_09:45 19.375
27.04.2014_09:50 19.625
27.04.2014_09:55 19.687
27.04.2014_10:00 18.125
27.04.2014_10:05 19.375
27.04.2014_10:10 19.375
27.04.2014_10:15 20.0
27.04.2014_10:20 19.937
27.04.2014_10:25 18.937
27.04.2014_10:30 20.062
27.04.2014_10:35 20.125
27.04.2014_10:40 19.437
27.04.2014_10:45 20.062
27.04.2014_10:50 18.687
27.04.2014_10:55 19.562
27.04.2014_11:00 19.562
27.04.2014_11:05 19.937
27.04.2014_11:10 18.625
27.04.2014_11:15 20.0
27.04.2014_11:20 19.687
27.04.2014_11:25 18.687
27.04.2014_11:30 19.875
27.04.2014_11:35 20.125
27.04.2014_11:40 20.187
27.04.2014_11:45 20.5
27.04.2014_11:50 20.687
27.04.2014_11:55 19.687
27.04.2014_11:59 20.562
27.04.2014_12:00 20.5
27.04.2014_12:02 20.312
27.04.2014_12:15 20.5
27.04.2014_12:33 20.25
27.04.2014_12:35 20.062
27.04.2014_12:40 20.625
27.04.2014_12:45 20.812
27.04.2014_12:50 21.187
27.04.2014_12:55 21.187
27.04.2014_13:00 21.187
27.04.2014_13:05 21.25
27.04.2014_13:10 21.25
27.04.2014_13:15 21.187
27.04.2014_13:20 21.562
27.04.2014_13:25 21.312
27.04.2014_13:30 21.125
27.04.2014_13:35 21.187
27.04.2014_13:40 21.687
27.04.2014_13:45 21.937
27.04.2014_13:50 21.312
27.04.2014_13:55 20.875
27.04.2014_14:00 21.0
27.04.2014_14:05 21.687
27.04.2014_14:10 21.375
27.04.2014_14:15 21.25
27.04.2014_14:20 20.25
27.04.2014_14:25 21.0
27.04.2014_14:30 20.937
27.04.2014_14:35 21.187
27.04.2014_14:40 21.125
27.04.2014_14:45 20.937
27.04.2014_14:50 20.937
27.04.2014_14:55 20.625
27.04.2014_15:00 20.687
27.04.2014_15:05 20.312
27.04.2014_15:10 20.625
27.04.2014_15:15 20.437
27.04.2014_15:20 20.625
27.04.2014_15:25 20.5
27.04.2014_15:30 20.437
27.04.2014_15:35 20.375
27.04.2014_15:40 20.25
27.04.2014_15:45 20.437
27.04.2014_15:50 20.312
27.04.2014_15:55 20.187
27.04.2014_16:00 20.062
27.04.2014_16:05 20.312
27.04.2014_16:10 19.625
27.04.2014_16:15 20.125
27.04.2014_16:20 20.0
27.04.2014_16:25 20.062
27.04.2014_16:30 19.937
27.04.2014_16:35 20.0
27.04.2014_16:40 19.687
27.04.2014_16:45 20.062
27.04.2014_16:50 20.0
27.04.2014_16:55 19.687
27.04.2014_17:00 20.187
27.04.2014_17:05 20.125
27.04.2014_17:10 20.625
27.04.2014_17:15 21.187
27.04.2014_17:20 23.0
27.04.2014_17:25 24.125
27.04.2014_17:30 23.25
27.04.2014_17:35 23.25
27.04.2014_17:40 21.0
27.04.2014_17:45 20.625
27.04.2014_17:50 20.625
27.04.2014_17:55 20.5
27.04.2014_18:00 20.437
27.04.2014_18:05 20.5
27.04.2014_18:10 20.312
27.04.2014_18:15 20.125
27.04.2014_18:20 19.812
27.04.2014_18:25 20.187
27.04.2014_18:30 20.187
27.04.2014_18:35 20.062
27.04.2014_18:40 20.0
27.04.2014_18:45 19.687
27.04.2014_18:50 20.0
27.04.2014_18:55 20.125
27.04.2014_19:00 20.187
27.04.2014_19:05 20.187
27.04.2014_19:10 20.187
27.04.2014_19:15 20.0
27.04.2014_19:20 20.062
27.04.2014_19:25 20.187
27.04.2014_19:30 20.125
27.04.2014_19:35 20.062
27.04.2014_19:40 20.125
27.04.2014_19:45 20.062
27.04.2014_19:50 20.062
27.04.2014_19:55 19.875
27.04.2014_20:00 19.812
27.04.2014_20:05 19.937
27.04.2014_20:10 20.0
27.04.2014_20:15 19.937
27.04.2014_20:20 19.812
27.04.2014_20:25 19.75
27.04.2014_20:30 19.687
27.04.2014_20:35 19.812
27.04.2014_20:40 20.0
27.04.2014_20:40 20.0
27.04.2014_20:47 19.937
27.04.2014_20:55 20.062
27.04.2014_23:00 20.187
27.04.2014_23:05 20.187
27.04.2014_23:10 20.312
27.04.2014_23:15 20.312
27.04.2014_23:20 20.125
27.04.2014_23:25 20.187
27.04.2014_23:30 20.25
27.04.2014_23:35 20.25
27.04.2014_23:40 20.25
27.04.2014_23:45 20.25
27.04.2014_23:50 20.187
27.04.2014_23:55 20.125
28.04.2014_00:00 20.187
28.04.2014_00:05 20.125
28.04.2014_00:10 20.062
28.04.2014_00:15 20.062
28.04.2014_00:20 20.0
28.04.2014_00:25 20.187
28.04.2014_00:30 20.125
28.04.2014_00:35 20.187
28.04.2014_00:40 20.187
28.04.2014_00:45 20.0
28.04.2014_00:50 20.0
28.04.2014_00:55 19.937
28.04.2014_01:00 19.812
28.04.2014_01:05 19.937
28.04.2014_01:10 19.937
28.04.2014_01:15 20.0
28.04.2014_01:20 20.0
28.04.2014_01:25 20.0
28.04.2014_01:30 19.937
28.04.2014_01:35 19.875
28.04.2014_01:40 20.0
28.04.2014_01:45 20.062
28.04.2014_01:50 20.125
28.04.2014_01:55 20.187
28.04.2014_02:00 20.125
28.04.2014_02:05 20.125
28.04.2014_02:10 20.375
28.04.2014_02:15 20.25
28.04.2014_02:20 20.437
28.04.2014_02:25 20.187
28.04.2014_02:30 20.375
28.04.2014_02:35 20.437
28.04.2014_02:40 20.25
28.04.2014_02:45 20.5
28.04.2014_02:50 20.312
28.04.2014_02:55 20.312
28.04.2014_03:00 20.25
28.04.2014_03:05 20.312
28.04.2014_03:15 20.312
28.04.2014_03:20 20.375
28.04.2014_03:25 20.312
28.04.2014_03:30 20.187
28.04.2014_03:35 20.125
28.04.2014_03:40 20.125
28.04.2014_03:45 20.125
28.04.2014_03:50 20.125
28.04.2014_03:55 20.0
28.04.2014_04:00 20.0
28.04.2014_04:05 20.062
28.04.2014_04:10 20.187
28.04.2014_04:15 20.125
28.04.2014_04:20 20.187
28.04.2014_04:25 20.187
28.04.2014_04:30 20.125
28.04.2014_04:35 20.062
28.04.2014_04:40 20.062
28.04.2014_04:45 20.062
28.04.2014_04:50 19.937
28.04.2014_04:55 19.937
28.04.2014_05:00 19.937
28.04.2014_05:05 19.937
28.04.2014_05:10 19.937
28.04.2014_05:15 19.937
28.04.2014_05:20 19.875
28.04.2014_05:25 19.937
28.04.2014_05:30 19.937
28.04.2014_05:35 20.0
28.04.2014_05:40 20.0
28.04.2014_05:45 20.062
28.04.2014_05:50 20.0
28.04.2014_05:55 20.0
28.04.2014_06:00 19.937
28.04.2014_06:05 19.812
28.04.2014_06:10 19.937
28.04.2014_06:15 20.0
28.04.2014_06:20 19.937
28.04.2014_06:25 20.0
28.04.2014_06:30 20.0
28.04.2014_06:35 19.937
28.04.2014_06:40 19.875
28.04.2014_06:45 19.937
28.04.2014_06:50 20.0
28.04.2014_06:55 19.937
28.04.2014_07:00 20.0
28.04.2014_07:05 20.0
28.04.2014_07:10 20.125
28.04.2014_07:15 20.25
28.04.2014_07:20 20.0
28.04.2014_07:25 20.125
28.04.2014_07:30 20.062
28.04.2014_07:35 19.875
28.04.2014_07:40 19.687
28.04.2014_07:45 20.0
28.04.2014_07:50 20.125
28.04.2014_07:55 19.875
28.04.2014_08:00 19.937
28.04.2014_08:05 19.937
28.04.2014_08:10 19.937
28.04.2014_08:15 20.062
28.04.2014_08:20 20.0
28.04.2014_08:25 19.875
28.04.2014_08:30 20.062
28.04.2014_08:35 20.062
28.04.2014_08:40 20.125
28.04.2014_08:45 20.062
28.04.2014_08:50 20.0
28.04.2014_08:55 20.0
28.04.2014_09:00 19.937
28.04.2014_09:05 20.0
28.04.2014_09:10 20.125
28.04.2014_09:15 20.062
28.04.2014_09:20 20.312
28.04.2014_09:25 20.25
28.04.2014_09:30 20.25
28.04.2014_09:35 20.25
28.04.2014_09:40 19.937
28.04.2014_09:45 20.125
28.04.2014_09:50 20.25
28.04.2014_09:55 20.25
28.04.2014_10:00 20.312
28.04.2014_10:05 20.375
28.04.2014_10:10 20.312
28.04.2014_10:15 20.312
28.04.2014_10:20 20.375
28.04.2014_10:25 20.437
28.04.2014_10:30 20.375
28.04.2014_10:35 20.375
28.04.2014_10:40 20.562
28.04.2014_10:45 20.562
28.04.2014_10:50 20.562
28.04.2014_10:55 20.625
28.04.2014_11:00 20.5
28.04.2014_11:05 20.437
28.04.2014_11:10 20.437
28.04.2014_11:15 20.625
28.04.2014_11:20 20.812
28.04.2014_11:25 20.687
28.04.2014_11:30 20.75
28.04.2014_11:35 20.75
28.04.2014_11:40 21.0
28.04.2014_11:45 21.0
28.04.2014_11:50 20.687
28.04.2014_11:55 20.75
28.04.2014_12:00 21.0
28.04.2014_12:05 20.812
28.04.2014_12:10 20.75
28.04.2014_12:15 20.937
28.04.2014_12:20 20.937
28.04.2014_12:25 21.0
28.04.2014_12:30 20.375
28.04.2014_12:35 20.875
28.04.2014_12:40 20.687
28.04.2014_12:45 20.687
28.04.2014_12:50 20.687
28.04.2014_12:55 20.687
28.04.2014_13:00 21.0
28.04.2014_13:05 20.75
28.04.2014_13:10 20.375
28.04.2014_13:15 20.5
28.04.2014_13:20 20.625
28.04.2014_13:25 20.062
28.04.2014_13:30 20.312
28.04.2014_13:35 20.75
28.04.2014_13:40 20.687
28.04.2014_13:45 20.687
28.04.2014_13:50 20.625
28.04.2014_13:55 20.687
28.04.2014_14:00 20.937
28.04.2014_14:05 20.75
28.04.2014_14:10 21.187
28.04.2014_14:15 21.75
28.04.2014_14:20 21.875
28.04.2014_14:25 22.0
28.04.2014_14:30 22.062
28.04.2014_14:35 22.062
28.04.2014_14:40 21.937
28.04.2014_14:45 21.937
28.04.2014_14:50 22.0
28.04.2014_14:55 22.062
28.04.2014_15:00 22.062
28.04.2014_15:05 21.75
28.04.2014_15:10 21.687
28.04.2014_15:15 21.75
28.04.2014_15:20 21.75
28.04.2014_15:25 21.687
28.04.2014_15:30 21.75
28.04.2014_15:35 21.75
28.04.2014_15:40 21.75
28.04.2014_15:45 21.75
28.04.2014_15:50 21.75
28.04.2014_15:55 21.812
28.04.2014_16:00 21.937
28.04.2014_16:05 22.0
28.04.2014_16:10 22.0
28.04.2014_16:15 22.062
28.04.2014_16:20 22.0
28.04.2014_16:25 22.0
28.04.2014_16:30 22.0
28.04.2014_16:35 22.0
28.04.2014_16:40 21.937
28.04.2014_16:45 22.312
28.04.2014_16:50 22.312
28.04.2014_16:55 21.812
28.04.2014_17:00 21.75
28.04.2014_17:05 21.562
28.04.2014_17:10 21.0
28.04.2014_17:15 20.812
28.04.2014_17:20 20.812
28.04.2014_17:25 20.5
28.04.2014_17:30 20.562
28.04.2014_17:35 20.437
28.04.2014_17:40 20.375
28.04.2014_17:45 20.187
28.04.2014_17:50 20.312
28.04.2014_17:55 20.312
28.04.2014_18:00 20.5
28.04.2014_18:05 20.625
28.04.2014_18:10 20.875
28.04.2014_18:15 21.5
28.04.2014_18:20 22.5
28.04.2014_18:25 23.0
28.04.2014_18:30 21.25
28.04.2014_18:35 21.625
28.04.2014_18:40 20.75
28.04.2014_18:45 20.687
28.04.2014_18:50 20.5
28.04.2014_18:55 20.25
28.04.2014_19:00 20.062
28.04.2014_19:05 20.062
28.04.2014_19:10 20.312
28.04.2014_19:15 20.062
28.04.2014_19:20 20.062
28.04.2014_19:25 20.062
28.04.2014_19:30 20.187
28.04.2014_19:35 20.437
28.04.2014_19:40 19.875
28.04.2014_19:45 19.75
28.04.2014_19:50 19.75
28.04.2014_19:55 19.875
28.04.2014_20:00 19.875
28.04.2014_20:05 19.875
28.04.2014_20:10 19.937
28.04.2014_20:15 19.875
28.04.2014_20:20 19.75
28.04.2014_20:25 19.875
28.04.2014_20:30 19.75
28.04.2014_20:35 20.0
28.04.2014_20:40 19.75
28.04.2014_20:45 19.687
28.04.2014_20:50 19.5
28.04.2014_20:55 19.625
28.04.2014_21:00 20.0
28.04.2014_21:05 19.937
28.04.2014_21:10 19.75
28.04.2014_21:15 19.625
28.04.2014_21:20 19.937
28.04.2014_21:25 19.875
28.04.2014_21:30 19.625
28.04.2014_21:35 19.875
28.04.2014_21:40 19.5
28.04.2014_21:45 19.562
28.04.2014_21:50 19.187
28.04.2014_21:55 19.75
28.04.2014_22:00 20.0
28.04.2014_22:05 20.0
28.04.2014_22:10 20.062
28.04.2014_22:15 20.062
28.04.2014_22:20 20.062
28.04.2014_22:25 20.062
28.04.2014_22:30 20.125
28.04.2014_22:35 20.062
28.04.2014_22:40 20.125
28.04.2014_22:45 20.125
28.04.2014_22:50 20.375
28.04.2014_22:55 20.375
28.04.2014_23:00 20.437
28.04.2014_23:05 20.5
28.04.2014_23:10 20.5
28.04.2014_23:15 20.562
28.04.2014_23:20 20.875
28.04.2014_23:25 20.687
28.04.2014_23:30 20.687
28.04.2014_23:35 20.687
28.04.2014_23:40 20.562
28.04.2014_23:45 20.875
28.04.2014_23:50 21.0
28.04.2014_23:55 20.875
29.04.2014_00:00 20.75
29.04.2014_00:05 20.812
29.04.2014_00:10 20.812
29.04.2014_00:15 20.937
29.04.2014_00:20 21.0
29.04.2014_00:25 21.0
29.04.2014_00:30 21.0
29.04.2014_00:35 20.75
29.04.2014_00:40 20.625
29.04.2014_00:45 20.437
29.04.2014_00:50 20.5
29.04.2014_00:55 20.5
29.04.2014_01:00 20.625
29.04.2014_01:05 20.625
29.04.2014_01:10 20.5
29.04.2014_01:15 20.5
29.04.2014_01:20 20.5
29.04.2014_01:25 20.75
29.04.2014_01:30 20.812
29.04.2014_01:35 20.75
29.04.2014_01:40 20.75
29.04.2014_01:45 20.687
29.04.2014_01:50 20.75
29.04.2014_01:55 21.062
29.04.2014_02:00 21.25
29.04.2014_02:05 21.25
29.04.2014_02:10 21.25
29.04.2014_02:15 21.312
29.04.2014_02:20 21.312
29.04.2014_02:25 21.312
29.04.2014_02:30 21.312
29.04.2014_02:35 21.375
29.04.2014_02:40 21.375
29.04.2014_02:45 21.375
29.04.2014_02:50 21.375
29.04.2014_02:55 21.375
29.04.2014_03:00 21.375
29.04.2014_03:05 21.375
29.04.2014_03:10 21.375
29.04.2014_03:15 21.312
29.04.2014_03:20 21.375
29.04.2014_03:25 21.062
29.04.2014_03:30 21.0
29.04.2014_03:35 20.937
29.04.2014_03:40 21.0
29.04.2014_03:45 21.062
29.04.2014_03:50 21.062
29.04.2014_03:55 21.125
29.04.2014_04:00 21.062
29.04.2014_04:05 21.187
29.04.2014_04:10 21.125
29.04.2014_04:15 21.125
29.04.2014_04:20 21.062
29.04.2014_04:25 21.187
29.04.2014_04:30 21.187
29.04.2014_04:35 21.062
29.04.2014_04:40 21.125
29.04.2014_04:45 21.0
29.04.2014_04:50 21.0
29.04.2014_04:55 20.937
29.04.2014_05:00 20.937
29.04.2014_05:05 20.875
29.04.2014_05:10 20.812
29.04.2014_05:15 20.875
29.04.2014_05:20 20.937
29.04.2014_05:25 20.937
29.04.2014_05:30 20.937
29.04.2014_05:35 20.937
29.04.2014_05:40 20.937
29.04.2014_05:45 20.875
29.04.2014_05:50 20.812
29.04.2014_05:55 20.312
29.04.2014_06:00 20.562
29.04.2014_06:05 20.312
29.04.2014_06:10 20.25
29.04.2014_06:15 19.937
29.04.2014_06:20 20.437
29.04.2014_06:25 20.687
29.04.2014_06:30 19.625
29.04.2014_06:35 19.937
29.04.2014_06:40 20.0
29.04.2014_06:45 18.812
29.04.2014_06:50 18.625
29.04.2014_06:55 20.375
29.04.2014_07:00 20.312
29.04.2014_07:05 18.437
29.04.2014_07:10 19.5
29.04.2014_07:15 20.062
29.04.2014_07:20 20.187
29.04.2014_07:25 20.437
29.04.2014_07:30 19.75
29.04.2014_07:35 18.875
29.04.2014_07:40 19.125
29.04.2014_07:45 20.0
29.04.2014_07:50 20.187
29.04.2014_07:55 20.312
29.04.2014_08:00 20.125
29.04.2014_08:05 20.312
29.04.2014_08:10 20.25
29.04.2014_08:15 20.312
29.04.2014_08:20 20.062
29.04.2014_08:25 20.25
29.04.2014_08:30 20.312
29.04.2014_08:35 20.312
29.04.2014_08:40 20.312
29.04.2014_08:45 19.437
29.04.2014_08:50 20.125
29.04.2014_08:55 20.125
29.04.2014_09:00 20.25
29.04.2014_09:05 20.312
29.04.2014_09:10 20.25
29.04.2014_09:15 20.187
29.04.2014_09:20 20.312
29.04.2014_09:25 20.312
29.04.2014_09:30 20.312
29.04.2014_09:35 20.312
29.04.2014_09:40 20.375
29.04.2014_09:45 19.25
29.04.2014_09:50 19.937
29.04.2014_09:55 19.875
29.04.2014_10:00 20.187
29.04.2014_10:05 20.25
29.04.2014_10:10 20.0
29.04.2014_10:15 20.0
29.04.2014_10:20 20.25
29.04.2014_10:25 20.125
29.04.2014_10:30 19.875
29.04.2014_10:35 21.25
29.04.2014_10:40 20.25
29.04.2014_10:45 20.125
29.04.2014_10:50 20.062
29.04.2014_10:55 20.375
29.04.2014_11:00 20.25
29.04.2014_11:05 18.75
29.04.2014_11:10 18.75
29.04.2014_11:15 19.812
29.04.2014_11:20 18.375
29.04.2014_11:25 19.562
29.04.2014_11:30 19.562
29.04.2014_11:35 19.937
29.04.2014_11:40 19.812
29.04.2014_11:45 17.562
29.04.2014_11:50 19.375
29.04.2014_11:55 18.437
29.04.2014_12:00 19.5
29.04.2014_12:05 18.375
29.04.2014_12:10 18.437
29.04.2014_12:15 18.75
29.04.2014_12:20 17.812
29.04.2014_12:25 19.75
29.04.2014_12:30 18.562
