26.04.2014_23:15 14.437
26.04.2014_23:20 14.375
26.04.2014_23:25 14.375
26.04.2014_23:30 14.312
26.04.2014_23:35 14.312
26.04.2014_23:40 14.312
26.04.2014_23:45 14.312
26.04.2014_23:50 14.25
26.04.2014_23:55 14.25
27.04.2014_00:00 14.187
27.04.2014_00:05 14.125
27.04.2014_00:10 14.125
27.04.2014_00:15 14.187
27.04.2014_00:20 14.062
27.04.2014_00:25 14.125
27.04.2014_00:30 14.062
27.04.2014_00:35 14.0
27.04.2014_00:39 14.0
27.04.2014_00:45 14.0
27.04.2014_00:50 13.75
27.04.2014_00:55 13.25
27.04.2014_01:00 13.062
27.04.2014_01:05 12.937
27.04.2014_01:10 12.937
27.04.2014_01:15 12.875
27.04.2014_01:20 12.875
27.04.2014_01:25 12.875
27.04.2014_01:30 12.812
27.04.2014_01:35 12.812
27.04.2014_01:40 12.812
27.04.2014_01:45 12.75
27.04.2014_01:50 12.75
27.04.2014_01:55 12.687
27.04.2014_02:00 12.687
27.04.2014_02:05 12.562
27.04.2014_02:10 12.437
27.04.2014_02:15 12.437
27.04.2014_02:20 12.375
27.04.2014_02:25 12.25
27.04.2014_02:30 12.125
27.04.2014_02:35 12.062
27.04.2014_02:40 11.937
27.04.2014_02:45 11.812
27.04.2014_02:50 11.75
27.04.2014_02:55 11.625
27.04.2014_03:00 11.562
27.04.2014_03:05 11.562
27.04.2014_03:10 11.437
27.04.2014_03:15 11.437
27.04.2014_03:20 11.375
27.04.2014_03:25 11.375
27.04.2014_03:30 11.375
27.04.2014_03:35 11.375
27.04.2014_03:40 11.375
27.04.2014_03:45 11.375
27.04.2014_03:50 11.375
27.04.2014_03:55 11.375
27.04.2014_04:00 11.375
27.04.2014_04:05 11.312
27.04.2014_04:10 11.25
27.04.2014_04:15 11.25
27.04.2014_04:20 11.187
27.04.2014_04:25 11.125
27.04.2014_04:30 11.125
27.04.2014_04:35 11.125
27.04.2014_04:40 11.062
27.04.2014_04:45 11.062
27.04.2014_04:50 11.062
27.04.2014_04:55 11.062
27.04.2014_05:00 11.125
27.04.2014_05:05 11.062
27.04.2014_05:10 11.125
27.04.2014_05:15 11.125
27.04.2014_05:20 11.125
27.04.2014_05:25 11.062
27.04.2014_05:30 11.0
27.04.2014_05:35 11.0
27.04.2014_05:40 10.937
27.04.2014_05:45 10.875
27.04.2014_05:50 10.812
27.04.2014_05:55 10.875
27.04.2014_06:00 10.875
27.04.2014_06:05 10.875
27.04.2014_06:10 10.812
27.04.2014_06:15 10.75
27.04.2014_06:20 10.75
27.04.2014_06:25 10.812
27.04.2014_06:30 10.75
27.04.2014_06:35 10.75
27.04.2014_06:40 10.75
27.04.2014_06:45 10.75
27.04.2014_06:50 10.75
27.04.2014_06:55 10.75
27.04.2014_07:00 10.75
27.04.2014_07:05 10.75
27.04.2014_07:10 10.687
27.04.2014_07:15 10.687
27.04.2014_07:20 10.812
27.04.2014_07:25 10.812
27.04.2014_07:30 10.875
27.04.2014_07:35 11.0
27.04.2014_07:40 10.937
27.04.2014_07:45 10.875
27.04.2014_07:50 11.062
27.04.2014_07:55 11.0
27.04.2014_08:00 11.187
27.04.2014_08:05 11.187
27.04.2014_08:10 11.125
27.04.2014_08:15 11.25
27.04.2014_08:20 11.437
27.04.2014_08:25 11.5
27.04.2014_08:30 11.562
27.04.2014_08:35 11.75
27.04.2014_08:40 11.562
27.04.2014_08:45 11.5
27.04.2014_08:50 11.437
27.04.2014_08:55 11.687
27.04.2014_09:00 11.75
27.04.2014_09:05 12.0
27.04.2014_09:10 11.937
27.04.2014_09:15 12.125
27.04.2014_09:20 11.937
27.04.2014_09:25 12.062
27.04.2014_09:30 12.25
27.04.2014_09:35 12.375
27.04.2014_09:40 12.625
27.04.2014_09:45 12.875
27.04.2014_09:50 13.187
27.04.2014_09:55 13.187
27.04.2014_10:00 13.375
27.04.2014_10:05 13.625
27.04.2014_10:10 14.125
27.04.2014_10:15 14.312
27.04.2014_10:20 14.562
27.04.2014_10:25 14.75
27.04.2014_10:30 15.5
27.04.2014_10:35 15.75
27.04.2014_10:40 15.812
27.04.2014_10:45 15.937
27.04.2014_10:50 15.937
27.04.2014_10:55 15.812
27.04.2014_11:00 15.75
27.04.2014_11:05 15.812
27.04.2014_11:10 15.25
27.04.2014_11:15 15.25
27.04.2014_11:20 15.5
27.04.2014_11:25 15.687
27.04.2014_11:30 15.75
27.04.2014_11:35 16.125
27.04.2014_11:40 16.5
27.04.2014_11:45 17.187
27.04.2014_11:50 18.062
27.04.2014_11:55 18.75
27.04.2014_11:59 19.375
27.04.2014_12:00 19.375
27.04.2014_12:02 19.625
27.04.2014_12:15 20.25
27.04.2014_12:33 20.687
27.04.2014_12:35 20.875
27.04.2014_12:40 21.125
27.04.2014_12:45 21.875
27.04.2014_12:50 22.25
27.04.2014_12:55 22.625
27.04.2014_13:00 22.562
27.04.2014_13:05 22.812
27.04.2014_13:10 23.187
27.04.2014_13:15 23.125
27.04.2014_13:20 23.437
27.04.2014_13:25 23.312
27.04.2014_13:30 23.375
27.04.2014_13:35 23.375
27.04.2014_13:40 24.125
27.04.2014_13:45 25.5
27.04.2014_13:50 25.687
27.04.2014_13:55 25.0
27.04.2014_14:00 24.562
27.04.2014_14:05 25.312
27.04.2014_14:10 24.75
27.04.2014_14:15 24.437
27.04.2014_14:20 23.062
27.04.2014_14:25 23.125
27.04.2014_14:30 22.687
27.04.2014_14:35 22.562
27.04.2014_14:40 22.562
27.04.2014_14:45 22.062
27.04.2014_14:50 21.812
27.04.2014_14:55 21.937
27.04.2014_15:00 21.375
27.04.2014_15:05 21.312
27.04.2014_15:10 20.937
27.04.2014_15:15 20.75
27.04.2014_15:20 20.75
27.04.2014_15:25 20.25
27.04.2014_15:30 20.312
27.04.2014_15:35 20.0
27.04.2014_15:40 19.75
27.04.2014_15:45 19.5
27.04.2014_15:50 19.625
27.04.2014_15:55 19.312
27.04.2014_16:00 19.25
27.04.2014_16:05 19.062
27.04.2014_16:10 18.75
27.04.2014_16:15 18.625
27.04.2014_16:20 18.5
27.04.2014_16:25 18.437
27.04.2014_16:30 18.312
27.04.2014_16:35 18.375
27.04.2014_16:40 18.062
27.04.2014_16:45 18.25
27.04.2014_16:50 18.187
27.04.2014_16:55 18.25
27.04.2014_17:00 18.25
27.04.2014_17:05 18.437
27.04.2014_17:10 18.875
27.04.2014_17:15 19.375
27.04.2014_17:20 20.062
27.04.2014_17:25 21.062
27.04.2014_17:30 21.687
27.04.2014_17:35 22.562
27.04.2014_17:40 22.875
27.04.2014_17:45 23.5
27.04.2014_17:50 23.5
27.04.2014_17:55 23.062
27.04.2014_18:00 23.312
27.04.2014_18:05 22.625
27.04.2014_18:10 21.5
27.04.2014_18:15 20.812
27.04.2014_18:20 20.0
27.04.2014_18:25 19.437
27.04.2014_18:30 18.875
27.04.2014_18:35 18.562
27.04.2014_18:40 18.0
27.04.2014_18:45 17.687
27.04.2014_18:50 17.25
27.04.2014_18:55 17.0
27.04.2014_19:00 16.625
27.04.2014_19:05 16.437
27.04.2014_19:10 16.25
27.04.2014_19:15 16.0
27.04.2014_19:20 15.75
27.04.2014_19:25 15.5
27.04.2014_19:30 15.187
27.04.2014_19:35 15.062
27.04.2014_19:40 14.812
27.04.2014_19:45 14.687
27.04.2014_19:50 14.437
27.04.2014_19:55 14.375
27.04.2014_20:00 14.187
27.04.2014_20:05 14.0
27.04.2014_20:10 13.812
27.04.2014_20:15 13.687
27.04.2014_20:20 13.625
27.04.2014_20:25 13.437
27.04.2014_20:30 13.375
27.04.2014_20:35 13.25
27.04.2014_20:40 13.125
27.04.2014_20:40 13.125
27.04.2014_20:47 12.937
27.04.2014_20:55 12.75
27.04.2014_23:00 12.625
27.04.2014_23:05 12.562
27.04.2014_23:10 12.5
27.04.2014_23:15 12.437
27.04.2014_23:20 12.375
27.04.2014_23:25 12.187
27.04.2014_23:30 12.187
27.04.2014_23:35 12.125
27.04.2014_23:40 12.062
27.04.2014_23:45 12.0
27.04.2014_23:50 11.937
27.04.2014_23:55 11.937
28.04.2014_00:00 11.875
28.04.2014_00:05 11.812
28.04.2014_00:10 11.75
28.04.2014_00:15 11.687
28.04.2014_00:20 11.687
28.04.2014_00:25 11.625
28.04.2014_00:30 11.562
28.04.2014_00:35 11.562
28.04.2014_00:40 11.562
28.04.2014_00:45 11.562
28.04.2014_00:50 11.625
28.04.2014_00:55 11.625
28.04.2014_01:00 11.687
28.04.2014_01:05 11.75
28.04.2014_01:10 11.75
28.04.2014_01:15 11.687
28.04.2014_01:20 11.687
28.04.2014_01:25 11.562
28.04.2014_01:30 11.5
28.04.2014_01:35 11.437
28.04.2014_01:40 11.312
28.04.2014_01:45 11.312
28.04.2014_01:50 11.187
28.04.2014_01:55 11.187
28.04.2014_02:00 11.125
28.04.2014_02:05 11.125
28.04.2014_02:10 11.125
28.04.2014_02:15 11.187
28.04.2014_02:20 11.125
28.04.2014_02:25 11.125
28.04.2014_02:30 11.062
28.04.2014_02:35 11.062
28.04.2014_02:40 11.0
28.04.2014_02:45 11.0
28.04.2014_02:50 11.0
28.04.2014_02:55 10.937
28.04.2014_03:00 10.937
28.04.2014_03:05 10.937
28.04.2014_03:15 10.75
28.04.2014_03:20 10.75
28.04.2014_03:25 10.625
28.04.2014_03:30 10.625
28.04.2014_03:35 10.562
28.04.2014_03:40 10.562
28.04.2014_03:45 10.437
28.04.2014_03:50 10.375
28.04.2014_03:55 10.312
28.04.2014_04:00 10.312
28.04.2014_04:05 10.25
28.04.2014_04:10 10.187
28.04.2014_04:15 10.125
28.04.2014_04:20 10.125
28.04.2014_04:25 10.062
28.04.2014_04:30 10.0
28.04.2014_04:35 10.0
28.04.2014_04:40 9.937
28.04.2014_04:45 9.875
28.04.2014_04:50 9.875
28.04.2014_04:55 9.812
28.04.2014_05:00 9.812
28.04.2014_05:05 9.812
28.04.2014_05:10 9.812
28.04.2014_05:15 9.812
28.04.2014_05:20 9.875
28.04.2014_05:25 9.875
28.04.2014_05:30 9.937
28.04.2014_05:35 10.062
28.04.2014_05:40 10.062
28.04.2014_05:45 10.187
28.04.2014_05:50 10.187
28.04.2014_05:55 10.25
28.04.2014_06:00 10.312
28.04.2014_06:05 10.312
28.04.2014_06:10 10.375
28.04.2014_06:15 10.437
28.04.2014_06:20 10.437
28.04.2014_06:25 10.5
28.04.2014_06:30 10.562
28.04.2014_06:35 10.562
28.04.2014_06:40 10.625
28.04.2014_06:45 10.687
28.04.2014_06:50 10.75
28.04.2014_06:55 10.812
28.04.2014_07:00 10.937
28.04.2014_07:05 11.062
28.04.2014_07:10 11.25
28.04.2014_07:15 11.437
28.04.2014_07:20 11.562
28.04.2014_07:25 11.687
28.04.2014_07:30 11.812
28.04.2014_07:35 11.875
28.04.2014_07:40 11.937
28.04.2014_07:45 12.0
28.04.2014_07:50 12.062
28.04.2014_07:55 12.187
28.04.2014_08:00 12.312
28.04.2014_08:05 12.437
28.04.2014_08:10 12.5
28.04.2014_08:15 12.625
28.04.2014_08:20 12.687
28.04.2014_08:25 12.875
28.04.2014_08:30 13.0
28.04.2014_08:35 13.125
28.04.2014_08:40 13.25
28.04.2014_08:45 13.437
28.04.2014_08:50 13.625
28.04.2014_08:55 13.812
28.04.2014_09:00 13.937
28.04.2014_09:05 14.062
28.04.2014_09:10 14.375
28.04.2014_09:15 14.5
28.04.2014_09:20 14.812
28.04.2014_09:25 14.75
28.04.2014_09:30 15.062
28.04.2014_09:35 15.125
28.04.2014_09:40 15.312
28.04.2014_09:45 15.687
28.04.2014_09:50 15.812
28.04.2014_09:55 16.125
28.04.2014_10:00 16.5
28.04.2014_10:05 16.625
28.04.2014_10:10 16.687
28.04.2014_10:15 16.812
28.04.2014_10:20 17.25
28.04.2014_10:25 17.625
28.04.2014_10:30 18.062
28.04.2014_10:35 18.062
28.04.2014_10:40 19.062
28.04.2014_10:45 19.125
28.04.2014_10:50 19.187
28.04.2014_10:55 19.25
28.04.2014_11:00 20.312
28.04.2014_11:05 20.625
28.04.2014_11:10 21.187
28.04.2014_11:15 21.812
28.04.2014_11:20 21.5
28.04.2014_11:25 21.687
28.04.2014_11:30 22.562
28.04.2014_11:35 22.562
28.04.2014_11:40 22.312
28.04.2014_11:45 22.875
28.04.2014_11:50 23.5
28.04.2014_11:55 23.375
28.04.2014_12:00 24.25
28.04.2014_12:05 24.062
28.04.2014_12:10 23.937
28.04.2014_12:15 24.312
28.04.2014_12:20 24.875
28.04.2014_12:25 24.562
28.04.2014_12:30 24.562
28.04.2014_12:35 24.5
28.04.2014_12:40 24.562
28.04.2014_12:45 23.875
28.04.2014_12:50 23.312
28.04.2014_12:55 23.187
28.04.2014_13:00 23.062
28.04.2014_13:05 22.687
28.04.2014_13:10 22.937
28.04.2014_13:15 23.25
28.04.2014_13:20 23.25
28.04.2014_13:25 23.0
28.04.2014_13:30 23.625
28.04.2014_13:35 23.312
28.04.2014_13:40 23.187
28.04.2014_13:45 22.937
28.04.2014_13:50 23.125
28.04.2014_13:55 23.187
28.04.2014_14:00 23.25
28.04.2014_14:05 23.562
28.04.2014_14:10 23.937
28.04.2014_14:15 23.187
28.04.2014_14:20 24.312
28.04.2014_14:25 24.687
28.04.2014_14:30 24.812
28.04.2014_14:35 24.937
28.04.2014_14:40 24.812
28.04.2014_14:45 24.875
28.04.2014_14:50 24.437
28.04.2014_14:55 24.187
28.04.2014_15:00 23.687
28.04.2014_15:05 23.312
28.04.2014_15:10 22.875
28.04.2014_15:15 22.937
28.04.2014_15:20 22.437
28.04.2014_15:25 22.812
28.04.2014_15:30 23.187
28.04.2014_15:35 22.875
28.04.2014_15:40 23.125
28.04.2014_15:45 23.437
28.04.2014_15:50 22.687
28.04.2014_15:55 22.812
28.04.2014_16:00 23.437
28.04.2014_16:05 23.375
28.04.2014_16:10 22.812
28.04.2014_16:15 23.187
28.04.2014_16:20 23.312
28.04.2014_16:25 23.5
28.04.2014_16:30 23.5
28.04.2014_16:35 23.687
28.04.2014_16:40 23.875
28.04.2014_16:45 23.375
28.04.2014_16:50 23.375
28.04.2014_16:55 23.125
28.04.2014_17:00 22.875
28.04.2014_17:05 22.687
28.04.2014_17:10 22.375
28.04.2014_17:15 22.187
28.04.2014_17:20 21.75
28.04.2014_17:25 21.562
28.04.2014_17:30 21.562
28.04.2014_17:35 21.437
28.04.2014_17:40 21.375
28.04.2014_17:45 21.312
28.04.2014_17:50 20.875
28.04.2014_17:55 21.375
28.04.2014_18:00 21.75
28.04.2014_18:05 21.625
28.04.2014_18:10 22.375
28.04.2014_18:15 24.0
28.04.2014_18:20 25.062
28.04.2014_18:25 25.812
28.04.2014_18:30 25.25
28.04.2014_18:35 25.125
28.04.2014_18:40 24.562
28.04.2014_18:45 24.0
28.04.2014_18:50 23.0
28.04.2014_18:55 23.062
28.04.2014_19:00 22.437
28.04.2014_19:05 22.25
28.04.2014_19:10 22.062
28.04.2014_19:15 21.75
28.04.2014_19:20 21.562
28.04.2014_19:25 21.0
28.04.2014_19:30 20.812
28.04.2014_19:35 19.937
28.04.2014_19:40 20.062
28.04.2014_19:45 19.937
28.04.2014_19:50 19.625
28.04.2014_19:55 19.625
28.04.2014_20:00 19.437
28.04.2014_20:05 19.25
28.04.2014_20:10 18.937
28.04.2014_20:15 18.75
28.04.2014_20:20 18.375
28.04.2014_20:25 18.062
28.04.2014_20:30 17.875
28.04.2014_20:35 17.562
28.04.2014_20:40 17.625
28.04.2014_20:45 17.437
28.04.2014_20:50 17.375
28.04.2014_20:55 17.312
28.04.2014_21:00 17.125
28.04.2014_21:05 16.812
28.04.2014_21:10 16.75
28.04.2014_21:15 16.687
28.04.2014_21:20 16.562
28.04.2014_21:25 16.562
28.04.2014_21:30 16.562
28.04.2014_21:35 16.562
28.04.2014_21:40 16.5
28.04.2014_21:45 16.312
28.04.2014_21:50 16.312
28.04.2014_21:55 16.187
28.04.2014_22:00 16.125
28.04.2014_22:05 16.062
28.04.2014_22:10 15.937
28.04.2014_22:15 15.875
28.04.2014_22:20 15.75
28.04.2014_22:25 15.687
28.04.2014_22:30 15.562
28.04.2014_22:35 15.375
28.04.2014_22:40 15.312
28.04.2014_22:45 15.187
28.04.2014_22:50 15.125
28.04.2014_22:55 15.062
28.04.2014_23:00 15.062
28.04.2014_23:05 15.0
28.04.2014_23:10 15.062
28.04.2014_23:15 15.125
28.04.2014_23:20 15.125
28.04.2014_23:25 15.187
28.04.2014_23:30 15.25
28.04.2014_23:35 15.187
28.04.2014_23:40 15.187
28.04.2014_23:45 15.25
28.04.2014_23:50 15.187
28.04.2014_23:55 15.25
29.04.2014_00:00 15.25
29.04.2014_00:05 15.187
29.04.2014_00:10 15.25
29.04.2014_00:15 15.187
29.04.2014_00:20 15.187
29.04.2014_00:25 15.187
29.04.2014_00:30 15.125
29.04.2014_00:35 15.25
29.04.2014_00:40 15.25
29.04.2014_00:45 15.25
29.04.2014_00:50 15.187
29.04.2014_00:55 15.187
29.04.2014_01:00 15.187
29.04.2014_01:05 15.25
29.04.2014_01:10 15.25
29.04.2014_01:15 15.25
29.04.2014_01:20 15.187
29.04.2014_01:25 15.187
29.04.2014_01:30 15.25
29.04.2014_01:35 15.187
29.04.2014_01:40 15.187
29.04.2014_01:45 15.187
29.04.2014_01:50 15.187
29.04.2014_01:55 15.187
29.04.2014_02:00 15.187
29.04.2014_02:05 15.187
29.04.2014_02:10 15.187
29.04.2014_02:15 15.125
29.04.2014_02:20 15.125
29.04.2014_02:25 15.062
29.04.2014_02:30 15.0
29.04.2014_02:35 14.875
29.04.2014_02:40 14.75
29.04.2014_02:45 14.625
29.04.2014_02:50 14.562
29.04.2014_02:55 14.437
29.04.2014_03:00 14.312
29.04.2014_03:05 14.312
29.04.2014_03:10 14.312
29.04.2014_03:15 14.25
29.04.2014_03:20 14.187
29.04.2014_03:25 14.187
29.04.2014_03:30 14.125
29.04.2014_03:35 14.062
29.04.2014_03:40 13.937
29.04.2014_03:45 13.812
29.04.2014_03:50 13.687
29.04.2014_03:55 13.562
29.04.2014_04:00 13.562
29.04.2014_04:05 13.5
29.04.2014_04:10 13.5
29.04.2014_04:15 13.437
29.04.2014_04:20 13.437
29.04.2014_04:25 13.375
29.04.2014_04:30 13.312
29.04.2014_04:35 13.312
29.04.2014_04:40 13.25
29.04.2014_04:45 13.25
29.04.2014_04:50 13.25
29.04.2014_04:55 13.25
29.04.2014_05:00 13.25
29.04.2014_05:05 13.312
29.04.2014_05:10 13.312
29.04.2014_05:15 13.312
29.04.2014_05:20 13.25
29.04.2014_05:25 13.312
29.04.2014_05:30 13.312
29.04.2014_05:35 13.312
29.04.2014_05:40 13.25
29.04.2014_05:45 13.25
29.04.2014_05:50 13.25
29.04.2014_05:55 13.25
29.04.2014_06:00 13.25
29.04.2014_06:05 13.25
29.04.2014_06:10 13.312
29.04.2014_06:15 13.25
29.04.2014_06:20 13.312
29.04.2014_06:25 13.312
29.04.2014_06:30 13.312
29.04.2014_06:35 13.312
29.04.2014_06:40 13.25
29.04.2014_06:45 13.187
29.04.2014_06:50 13.125
29.04.2014_06:55 13.187
29.04.2014_07:00 13.25
29.04.2014_07:05 13.187
29.04.2014_07:10 13.187
29.04.2014_07:15 13.125
29.04.2014_07:20 13.187
29.04.2014_07:25 13.187
29.04.2014_07:30 13.125
29.04.2014_07:35 13.125
29.04.2014_07:40 13.062
29.04.2014_07:45 13.187
29.04.2014_07:50 13.125
29.04.2014_07:55 13.187
29.04.2014_08:00 13.125
29.04.2014_08:05 13.187
29.04.2014_08:10 13.125
29.04.2014_08:15 13.125
29.04.2014_08:20 13.187
29.04.2014_08:25 13.25
29.04.2014_08:30 13.187
29.04.2014_08:35 13.25
29.04.2014_08:40 13.25
29.04.2014_08:45 13.312
29.04.2014_08:50 13.312
29.04.2014_08:55 13.375
29.04.2014_09:00 13.437
29.04.2014_09:05 13.5
29.04.2014_09:10 13.5
29.04.2014_09:15 13.437
29.04.2014_09:20 13.437
29.04.2014_09:25 13.5
29.04.2014_09:30 13.562
29.04.2014_09:35 13.625
29.04.2014_09:40 13.625
29.04.2014_09:45 13.562
29.04.2014_09:50 13.562
29.04.2014_09:55 13.562
29.04.2014_10:00 13.625
29.04.2014_10:05 13.625
29.04.2014_10:10 13.625
29.04.2014_10:15 13.625
29.04.2014_10:20 13.625
29.04.2014_10:25 13.687
29.04.2014_10:30 13.75
29.04.2014_10:35 13.812
29.04.2014_10:40 13.812
29.04.2014_10:45 14.0
29.04.2014_10:50 13.937
29.04.2014_10:55 14.0
29.04.2014_11:00 14.062
29.04.2014_11:05 14.062
29.04.2014_11:10 14.125
29.04.2014_11:15 14.125
29.04.2014_11:20 14.062
29.04.2014_11:25 14.125
29.04.2014_11:30 14.187
29.04.2014_11:35 14.25
29.04.2014_11:40 14.312
29.04.2014_11:45 14.25
29.04.2014_11:50 14.25
29.04.2014_11:55 14.125
29.04.2014_12:00 14.187
29.04.2014_12:05 14.062
29.04.2014_12:10 14.062
29.04.2014_12:15 14.062
29.04.2014_12:20 14.062
29.04.2014_12:25 14.25
29.04.2014_12:30 14.25
